Build started 6/27/2017 3:11:34 AM.
     1>Project "C:\PRATIKA\PRATIKA2\PRATIKA2\PRATIKA2.vcxproj" on node 2 (build target(s)).
     1>InitializeBuildStatus:
         Creating "Debug\PRATIKA2.unsuccessfulbuild" because "AlwaysCreate" was specified.
       ClCompile:
         C:\Program Files (x86)\Microsoft Visual Studio 10.0\VC\bin\CL.exe /c /ZI /nologo /W3 /WX- /Od /Oy- /D _MBCS /Gm /EHsc /RTC1 /MDd /GS /fp:precise /Zc:wchar_t /Zc:forScope /Fo"Debug\\" /Fd"Debug\vc100.pdb" /Gd /TP /analyze- /errorReport:prompt source.cpp
         source.cpp
     1>c:\pratika\pratika2\pratika2\source.cpp(13): warning C4996: 'scanf': This function or variable may be unsafe. Consider using scanf_s instead. To disable deprecation, use _CRT_SECURE_NO_WARNINGS. See online help for details.
                 c:\program files (x86)\microsoft visual studio 10.0\vc\include\stdio.h(304) : see declaration of 'scanf'
     1>c:\pratika\pratika2\pratika2\source.cpp(68): warning C4996: 'scanf': This function or variable may be unsafe. Consider using scanf_s instead. To disable deprecation, use _CRT_SECURE_NO_WARNINGS. See online help for details.
                 c:\program files (x86)\microsoft visual studio 10.0\vc\include\stdio.h(304) : see declaration of 'scanf'
       Link:
         C:\Program Files (x86)\Microsoft Visual Studio 10.0\VC\bin\link.exe /ERRORREPORT:PROMPT /OUT:"C:\PRATIKA\PRATIKA2\Debug\PRATIKA2.exe" /NOLOGO kernel32.lib user32.lib gdi32.lib winspool.lib comdlg32.lib advapi32.lib shell32.lib ole32.lib oleaut32.lib uuid.lib odbc32.lib odbccp32.lib /MANIFEST /ManifestFile:"Debug\PRATIKA2.exe.intermediate.manifest" /MANIFESTUAC:"level='asInvoker' uiAccess='false'" /DEBUG /PDB:"C:\PRATIKA\PRATIKA2\Debug\PRATIKA2.pdb" /TLBID:1 /DYNAMICBASE /NXCOMPAT /IMPLIB:"C:\PRATIKA\PRATIKA2\Debug\PRATIKA2.lib" /MACHINE:X86 Debug\menu.obj
         Debug\source.obj
         Debug\vector.obj
         LINK : C:\PRATIKA\PRATIKA2\Debug\PRATIKA2.exe not found or not built by the last incremental link; performing full link
         PRATIKA2.vcxproj -> C:\PRATIKA\PRATIKA2\Debug\PRATIKA2.exe
       Manifest:
         C:\Program Files (x86)\Microsoft SDKs\Windows\v7.0A\bin\mt.exe /nologo /verbose /outputresource:"C:\PRATIKA\PRATIKA2\Debug\PRATIKA2.exe;#1" /manifest Debug\PRATIKA2.exe.intermediate.manifest
       FinalizeBuildStatus:
         Deleting file "Debug\PRATIKA2.unsuccessfulbuild".
         Touching "Debug\PRATIKA2.lastbuildstate".
     1>Done Building Project "C:\PRATIKA\PRATIKA2\PRATIKA2\PRATIKA2.vcxproj" (build target(s)).

Build succeeded.

Time Elapsed 00:00:00.79
